TN:
SF:src\modules\appointments\services\createAppointmentService.ts
FN:15,(anonymous_18)
FN:18,CreateAppointmentService
FN:25,(anonymous_20)
FNF:3
FNH:3
FNDA:1,(anonymous_18)
FNDA:2,CreateAppointmentService
FNDA:3,(anonymous_20)
DA:1,1
DA:2,1
DA:4,1
DA:15,1
DA:22,2
DA:25,3
DA:26,3
DA:28,3
DA:32,3
DA:33,1
DA:36,2
DA:41,2
DA:43,1
DA:45,1
LF:14
LH:14
BRDA:32,0,0,1
BRDA:32,0,1,2
BRF:2
BRH:2
end_of_record
TN:
SF:src\modules\users\services\authenticateUserService.ts
FN:23,(anonymous_18)
FN:28,AuthenticateUserSession
FN:39,(anonymous_20)
FNF:3
FNH:3
FNDA:1,(anonymous_18)
FNDA:3,AuthenticateUserSession
FNDA:3,(anonymous_20)
DA:1,1
DA:2,1
DA:4,1
DA:6,1
DA:23,1
DA:35,3
DA:36,3
DA:39,3
DA:40,3
DA:42,3
DA:43,1
DA:46,2
DA:51,2
DA:52,1
DA:55,1
DA:57,1
DA:62,1
DA:67,1
DA:69,1
LF:19
LH:19
BRDA:40,0,0,3
BRDA:42,1,0,1
BRDA:42,1,1,2
BRDA:51,2,0,1
BRDA:51,2,1,1
BRF:5
BRH:5
end_of_record
TN:
SF:src\modules\users\services\createUserService.ts
FN:16,(anonymous_18)
FN:21,CreateUserService
FN:32,(anonymous_20)
FNF:3
FNH:3
FNDA:2,(anonymous_18)
FNDA:4,CreateUserService
FNDA:5,(anonymous_20)
DA:1,2
DA:3,2
DA:16,2
DA:28,4
DA:29,4
DA:32,5
DA:33,5
DA:35,5
DA:36,1
DA:39,4
DA:41,4
DA:47,4
DA:49,2
DA:51,2
LF:14
LH:14
BRDA:33,0,0,5
BRDA:35,1,0,1
BRDA:35,1,1,4
BRF:3
BRH:3
end_of_record
TN:
SF:src\modules\users\services\resetPasswordService.ts
FN:15,(anonymous_18)
FN:22,SendForgotPasswordEmailService
FN:39,(anonymous_20)
FNF:3
FNH:3
FNDA:1,(anonymous_18)
FNDA:4,SendForgotPasswordEmailService
FNDA:4,(anonymous_20)
DA:1,1
DA:2,1
DA:4,1
DA:15,1
DA:32,4
DA:34,4
DA:36,4
DA:39,4
DA:40,4
DA:42,4
DA:43,1
DA:46,3
DA:48,3
DA:49,1
DA:52,2
DA:54,2
DA:55,1
DA:58,1
DA:60,2
DA:62,1
DA:64,1
LF:21
LH:21
BRDA:40,0,0,4
BRDA:42,1,0,1
BRDA:42,1,1,3
BRDA:48,2,0,1
BRDA:48,2,1,2
BRDA:54,3,0,1
BRDA:54,3,1,1
BRF:7
BRH:7
end_of_record
TN:
SF:src\modules\users\services\sendForgotPasswordEmailService.ts
FN:17,(anonymous_18)
FN:24,SendForgotPasswordEmailService
FN:41,(anonymous_20)
FNF:3
FNH:3
FNDA:1,(anonymous_18)
FNDA:3,SendForgotPasswordEmailService
FNDA:3,(anonymous_20)
DA:1,1
DA:2,1
DA:6,1
DA:17,1
DA:34,3
DA:36,3
DA:38,3
DA:41,3
DA:42,3
DA:44,3
DA:45,1
DA:48,2
DA:50,2
DA:57,4
DA:72,1
DA:74,1
LF:16
LH:16
BRDA:42,0,0,3
BRDA:44,1,0,1
BRDA:44,1,1,2
BRF:3
BRH:3
end_of_record
TN:
SF:src\modules\users\services\updateUserAvatarService.ts
FN:16,(anonymous_18)
FN:21,UpdateUserAvatarSerivce
FN:32,(anonymous_20)
FNF:3
FNH:3
FNDA:1,(anonymous_18)
FNDA:3,UpdateUserAvatarSerivce
FNDA:4,(anonymous_20)
DA:1,1
DA:3,1
DA:16,1
DA:28,3
DA:29,3
DA:32,4
DA:33,4
DA:35,4
DA:36,1
DA:39,5
DA:40,2
DA:43,3
DA:45,3
DA:47,6
DA:49,3
DA:51,1
DA:53,1
LF:17
LH:17
BRDA:33,0,0,4
BRDA:33,0,1,3
BRDA:35,1,0,1
BRDA:35,1,1,3
BRDA:39,2,0,2
BRDA:39,2,1,1
BRF:6
BRH:6
end_of_record
